Copyright 1986-2018 Xilinx, Inc. All Rights Reserved.
---------------------------------------------------------------------------------------------------
| Tool Version : Vivado v.2018.3 (win64) Build 2405991 Thu Dec  6 23:38:27 MST 2018
| Date         : Tue Dec 12 02:52:50 2023
| Host         : DESKTOP-SM4QN4U running 64-bit major release  (build 9200)
| Command      : report_drc -file main_drc_opted.rpt -pb main_drc_opted.pb -rpx main_drc_opted.rpx
| Design       : main
| Device       : xc7a35tcpg236-1
| Speed File   : -1
| Design State : Synthesized
---------------------------------------------------------------------------------------------------

Report DRC

Table of Contents
-----------------
1. REPORT SUMMARY
2. REPORT DETAILS

1. REPORT SUMMARY
-----------------
            Netlist: netlist
          Floorplan: design_1
      Design limits: <entire design considered>
           Ruledeck: default
             Max violations: <unlimited>
             Violations found: 1
+-------------+----------+-------------------------------------------------------------+------------+
| Rule        | Severity | Description                                                 | Violations |
+-------------+----------+-------------------------------------------------------------+------------+
| PLHOLDVIO-2 | Warning  | Non-Optimal connections which could lead to hold violations | 1          |
+-------------+----------+-------------------------------------------------------------+------------+

2. REPORT DETAILS
-----------------
PLHOLDVIO-2#1 Warning
Non-Optimal connections which could lead to hold violations  
A LUT vga_unit/h_count_next[9]_i_2 is driving clock pin of 20 cells. This could lead to large hold time violations. Involved cells are:
vga_unit/h_count_next_reg[0], vga_unit/h_count_next_reg[1], vga_unit/h_count_next_reg[2], vga_unit/h_count_next_reg[3], vga_unit/h_count_next_reg[4], vga_unit/h_count_next_reg[5], vga_unit/h_count_next_reg[6], vga_unit/h_count_next_reg[7], vga_unit/h_count_next_reg[8], vga_unit/h_count_next_reg[9], vga_unit/v_count_next_reg[0], vga_unit/v_count_next_reg[1], vga_unit/v_count_next_reg[2], vga_unit/v_count_next_reg[3], vga_unit/v_count_next_reg[4] (the first 15 of 20 listed)
Related violations: <none>


