
*** Running vivado
    with args -log main.vdi -applog -m64 -product Vivado -messageDb vivado.pb -mode batch -source main.tcl -notrace


****** Vivado v2018.3 (64-bit)
  **** SW Build 2405991 on Thu Dec  6 23:38:27 MST 2018
  **** IP Build 2404404 on Fri Dec  7 01:43:56 MST 2018
    ** Copyright 1986-2018 Xilinx, Inc. All Rights Reserved.

source main.tcl -notrace
Command: link_design -top main -part xc7a35tcpg236-1
Design is defaulting to srcset: sources_1
Design is defaulting to constrset: constrs_1
INFO: [Netlist 29-17] Analyzing 20 Unisim elements for replacement
INFO: [Netlist 29-28] Unisim Transformation completed in 0 CPU seconds
INFO: [Project 1-479] Netlist was created with Vivado 2018.3
INFO: [Device 21-403] Loading part xc7a35tcpg236-1
INFO: [Project 1-570] Preparing netlist for logic optimization
Parsing XDC File [C:/Users/iHC/Desktop/pongGame/pongGame.srcs/constrs_1/new/Basys-3-Master.xdc]
WARNING: [Vivado 12-584] No ports matched 'sw[0]'. [C:/Users/iHC/Desktop/pongGame/pongGame.srcs/constrs_1/new/Basys-3-Master.xdc:12]
CRITICAL WARNING: [Common 17-55] 'set_property' expects at least one object. [C:/Users/iHC/Desktop/pongGame/pongGame.srcs/constrs_1/new/Basys-3-Master.xdc:12]
Resolution: If [get_<value>] was used to populate the object, check to make sure this command returns at least one valid object.
WARNING: [Vivado 12-584] No ports matched 'sw[1]'. [C:/Users/iHC/Desktop/pongGame/pongGame.srcs/constrs_1/new/Basys-3-Master.xdc:13]
CRITICAL WARNING: [Common 17-55] 'set_property' expects at least one object. [C:/Users/iHC/Desktop/pongGame/pongGame.srcs/constrs_1/new/Basys-3-Master.xdc:13]
Resolution: If [get_<value>] was used to populate the object, check to make sure this command returns at least one valid object.
WARNING: [Vivado 12-584] No ports matched 'sw[2]'. [C:/Users/iHC/Desktop/pongGame/pongGame.srcs/constrs_1/new/Basys-3-Master.xdc:14]
CRITICAL WARNING: [Common 17-55] 'set_property' expects at least one object. [C:/Users/iHC/Desktop/pongGame/pongGame.srcs/constrs_1/new/Basys-3-Master.xdc:14]
Resolution: If [get_<value>] was used to populate the object, check to make sure this command returns at least one valid object.
WARNING: [Vivado 12-584] No ports matched 'sw[3]'. [C:/Users/iHC/Desktop/pongGame/pongGame.srcs/constrs_1/new/Basys-3-Master.xdc:15]
CRITICAL WARNING: [Common 17-55] 'set_property' expects at least one object. [C:/Users/iHC/Desktop/pongGame/pongGame.srcs/constrs_1/new/Basys-3-Master.xdc:15]
Resolution: If [get_<value>] was used to populate the object, check to make sure this command returns at least one valid object.
WARNING: [Vivado 12-584] No ports matched 'sw[4]'. [C:/Users/iHC/Desktop/pongGame/pongGame.srcs/constrs_1/new/Basys-3-Master.xdc:16]
CRITICAL WARNING: [Common 17-55] 'set_property' expects at least one object. [C:/Users/iHC/Desktop/pongGame/pongGame.srcs/constrs_1/new/Basys-3-Master.xdc:16]
Resolution: If [get_<value>] was used to populate the object, check to make sure this command returns at least one valid object.
WARNING: [Vivado 12-584] No ports matched 'sw[5]'. [C:/Users/iHC/Desktop/pongGame/pongGame.srcs/constrs_1/new/Basys-3-Master.xdc:17]
CRITICAL WARNING: [Common 17-55] 'set_property' expects at least one object. [C:/Users/iHC/Desktop/pongGame/pongGame.srcs/constrs_1/new/Basys-3-Master.xdc:17]
Resolution: If [get_<value>] was used to populate the object, check to make sure this command returns at least one valid object.
WARNING: [Vivado 12-584] No ports matched 'sw[6]'. [C:/Users/iHC/Desktop/pongGame/pongGame.srcs/constrs_1/new/Basys-3-Master.xdc:18]
CRITICAL WARNING: [Common 17-55] 'set_property' expects at least one object. [C:/Users/iHC/Desktop/pongGame/pongGame.srcs/constrs_1/new/Basys-3-Master.xdc:18]
Resolution: If [get_<value>] was used to populate the object, check to make sure this command returns at least one valid object.
WARNING: [Vivado 12-584] No ports matched 'sw[7]'. [C:/Users/iHC/Desktop/pongGame/pongGame.srcs/constrs_1/new/Basys-3-Master.xdc:19]
CRITICAL WARNING: [Common 17-55] 'set_property' expects at least one object. [C:/Users/iHC/Desktop/pongGame/pongGame.srcs/constrs_1/new/Basys-3-Master.xdc:19]
Resolution: If [get_<value>] was used to populate the object, check to make sure this command returns at least one valid object.
WARNING: [Vivado 12-584] No ports matched 'sw[8]'. [C:/Users/iHC/Desktop/pongGame/pongGame.srcs/constrs_1/new/Basys-3-Master.xdc:20]
CRITICAL WARNING: [Common 17-55] 'set_property' expects at least one object. [C:/Users/iHC/Desktop/pongGame/pongGame.srcs/constrs_1/new/Basys-3-Master.xdc:20]
Resolution: If [get_<value>] was used to populate the object, check to make sure this command returns at least one valid object.
WARNING: [Vivado 12-584] No ports matched 'sw[9]'. [C:/Users/iHC/Desktop/pongGame/pongGame.srcs/constrs_1/new/Basys-3-Master.xdc:21]
CRITICAL WARNING: [Common 17-55] 'set_property' expects at least one object. [C:/Users/iHC/Desktop/pongGame/pongGame.srcs/constrs_1/new/Basys-3-Master.xdc:21]
Resolution: If [get_<value>] was used to populate the object, check to make sure this command returns at least one valid object.
WARNING: [Vivado 12-584] No ports matched 'sw[10]'. [C:/Users/iHC/Desktop/pongGame/pongGame.srcs/constrs_1/new/Basys-3-Master.xdc:22]
CRITICAL WARNING: [Common 17-55] 'set_property' expects at least one object. [C:/Users/iHC/Desktop/pongGame/pongGame.srcs/constrs_1/new/Basys-3-Master.xdc:22]
Resolution: If [get_<value>] was used to populate the object, check to make sure this command returns at least one valid object.
WARNING: [Vivado 12-584] No ports matched 'sw[11]'. [C:/Users/iHC/Desktop/pongGame/pongGame.srcs/constrs_1/new/Basys-3-Master.xdc:23]
CRITICAL WARNING: [Common 17-55] 'set_property' expects at least one object. [C:/Users/iHC/Desktop/pongGame/pongGame.srcs/constrs_1/new/Basys-3-Master.xdc:23]
Resolution: If [get_<value>] was used to populate the object, check to make sure this command returns at least one valid object.
WARNING: [Vivado 12-584] No ports matched 'led[0]'. [C:/Users/iHC/Desktop/pongGame/pongGame.srcs/constrs_1/new/Basys-3-Master.xdc:31]
CRITICAL WARNING: [Common 17-55] 'set_property' expects at least one object. [C:/Users/iHC/Desktop/pongGame/pongGame.srcs/constrs_1/new/Basys-3-Master.xdc:31]
Resolution: If [get_<value>] was used to populate the object, check to make sure this command returns at least one valid object.
WARNING: [Vivado 12-584] No ports matched 'led[1]'. [C:/Users/iHC/Desktop/pongGame/pongGame.srcs/constrs_1/new/Basys-3-Master.xdc:32]
CRITICAL WARNING: [Common 17-55] 'set_property' expects at least one object. [C:/Users/iHC/Desktop/pongGame/pongGame.srcs/constrs_1/new/Basys-3-Master.xdc:32]
Resolution: If [get_<value>] was used to populate the object, check to make sure this command returns at least one valid object.
WARNING: [Vivado 12-584] No ports matched 'led[2]'. [C:/Users/iHC/Desktop/pongGame/pongGame.srcs/constrs_1/new/Basys-3-Master.xdc:33]
CRITICAL WARNING: [Common 17-55] 'set_property' expects at least one object. [C:/Users/iHC/Desktop/pongGame/pongGame.srcs/constrs_1/new/Basys-3-Master.xdc:33]
Resolution: If [get_<value>] was used to populate the object, check to make sure this command returns at least one valid object.
WARNING: [Vivado 12-584] No ports matched 'led[3]'. [C:/Users/iHC/Desktop/pongGame/pongGame.srcs/constrs_1/new/Basys-3-Master.xdc:34]
CRITICAL WARNING: [Common 17-55] 'set_property' expects at least one object. [C:/Users/iHC/Desktop/pongGame/pongGame.srcs/constrs_1/new/Basys-3-Master.xdc:34]
Resolution: If [get_<value>] was used to populate the object, check to make sure this command returns at least one valid object.
WARNING: [Vivado 12-584] No ports matched 'led[4]'. [C:/Users/iHC/Desktop/pongGame/pongGame.srcs/constrs_1/new/Basys-3-Master.xdc:35]
CRITICAL WARNING: [Common 17-55] 'set_property' expects at least one object. [C:/Users/iHC/Desktop/pongGame/pongGame.srcs/constrs_1/new/Basys-3-Master.xdc:35]
Resolution: If [get_<value>] was used to populate the object, check to make sure this command returns at least one valid object.
WARNING: [Vivado 12-584] No ports matched 'led[5]'. [C:/Users/iHC/Desktop/pongGame/pongGame.srcs/constrs_1/new/Basys-3-Master.xdc:36]
CRITICAL WARNING: [Common 17-55] 'set_property' expects at least one object. [C:/Users/iHC/Desktop/pongGame/pongGame.srcs/constrs_1/new/Basys-3-Master.xdc:36]
Resolution: If [get_<value>] was used to populate the object, check to make sure this command returns at least one valid object.
WARNING: [Vivado 12-584] No ports matched 'led[6]'. [C:/Users/iHC/Desktop/pongGame/pongGame.srcs/constrs_1/new/Basys-3-Master.xdc:37]
CRITICAL WARNING: [Common 17-55] 'set_property' expects at least one object. [C:/Users/iHC/Desktop/pongGame/pongGame.srcs/constrs_1/new/Basys-3-Master.xdc:37]
Resolution: If [get_<value>] was used to populate the object, check to make sure this command returns at least one valid object.
WARNING: [Vivado 12-584] No ports matched 'led[7]'. [C:/Users/iHC/Desktop/pongGame/pongGame.srcs/constrs_1/new/Basys-3-Master.xdc:38]
CRITICAL WARNING: [Common 17-55] 'set_property' expects at least one object. [C:/Users/iHC/Desktop/pongGame/pongGame.srcs/constrs_1/new/Basys-3-Master.xdc:38]
Resolution: If [get_<value>] was used to populate the object, check to make sure this command returns at least one valid object.
WARNING: [Vivado 12-584] No ports matched 'led[8]'. [C:/Users/iHC/Desktop/pongGame/pongGame.srcs/constrs_1/new/Basys-3-Master.xdc:39]
CRITICAL WARNING: [Common 17-55] 'set_property' expects at least one object. [C:/Users/iHC/Desktop/pongGame/pongGame.srcs/constrs_1/new/Basys-3-Master.xdc:39]
Resolution: If [get_<value>] was used to populate the object, check to make sure this command returns at least one valid object.
WARNING: [Vivado 12-584] No ports matched 'led[9]'. [C:/Users/iHC/Desktop/pongGame/pongGame.srcs/constrs_1/new/Basys-3-Master.xdc:40]
CRITICAL WARNING: [Common 17-55] 'set_property' expects at least one object. [C:/Users/iHC/Desktop/pongGame/pongGame.srcs/constrs_1/new/Basys-3-Master.xdc:40]
Resolution: If [get_<value>] was used to populate the object, check to make sure this command returns at least one valid object.
WARNING: [Vivado 12-584] No ports matched 'led[10]'. [C:/Users/iHC/Desktop/pongGame/pongGame.srcs/constrs_1/new/Basys-3-Master.xdc:41]
CRITICAL WARNING: [Common 17-55] 'set_property' expects at least one object. [C:/Users/iHC/Desktop/pongGame/pongGame.srcs/constrs_1/new/Basys-3-Master.xdc:41]
Resolution: If [get_<value>] was used to populate the object, check to make sure this command returns at least one valid object.
WARNING: [Vivado 12-584] No ports matched 'led[11]'. [C:/Users/iHC/Desktop/pongGame/pongGame.srcs/constrs_1/new/Basys-3-Master.xdc:42]
CRITICAL WARNING: [Common 17-55] 'set_property' expects at least one object. [C:/Users/iHC/Desktop/pongGame/pongGame.srcs/constrs_1/new/Basys-3-Master.xdc:42]
Resolution: If [get_<value>] was used to populate the object, check to make sure this command returns at least one valid object.
WARNING: [Vivado 12-584] No ports matched 'seg[0]'. [C:/Users/iHC/Desktop/pongGame/pongGame.srcs/constrs_1/new/Basys-3-Master.xdc:50]
CRITICAL WARNING: [Common 17-55] 'set_property' expects at least one object. [C:/Users/iHC/Desktop/pongGame/pongGame.srcs/constrs_1/new/Basys-3-Master.xdc:50]
Resolution: If [get_<value>] was used to populate the object, check to make sure this command returns at least one valid object.
WARNING: [Vivado 12-584] No ports matched 'seg[1]'. [C:/Users/iHC/Desktop/pongGame/pongGame.srcs/constrs_1/new/Basys-3-Master.xdc:51]
CRITICAL WARNING: [Common 17-55] 'set_property' expects at least one object. [C:/Users/iHC/Desktop/pongGame/pongGame.srcs/constrs_1/new/Basys-3-Master.xdc:51]
Resolution: If [get_<value>] was used to populate the object, check to make sure this command returns at least one valid object.
WARNING: [Vivado 12-584] No ports matched 'seg[2]'. [C:/Users/iHC/Desktop/pongGame/pongGame.srcs/constrs_1/new/Basys-3-Master.xdc:52]
CRITICAL WARNING: [Common 17-55] 'set_property' expects at least one object. [C:/Users/iHC/Desktop/pongGame/pongGame.srcs/constrs_1/new/Basys-3-Master.xdc:52]
Resolution: If [get_<value>] was used to populate the object, check to make sure this command returns at least one valid object.
WARNING: [Vivado 12-584] No ports matched 'seg[3]'. [C:/Users/iHC/Desktop/pongGame/pongGame.srcs/constrs_1/new/Basys-3-Master.xdc:53]
CRITICAL WARNING: [Common 17-55] 'set_property' expects at least one object. [C:/Users/iHC/Desktop/pongGame/pongGame.srcs/constrs_1/new/Basys-3-Master.xdc:53]
Resolution: If [get_<value>] was used to populate the object, check to make sure this command returns at least one valid object.
WARNING: [Vivado 12-584] No ports matched 'seg[4]'. [C:/Users/iHC/Desktop/pongGame/pongGame.srcs/constrs_1/new/Basys-3-Master.xdc:54]
CRITICAL WARNING: [Common 17-55] 'set_property' expects at least one object. [C:/Users/iHC/Desktop/pongGame/pongGame.srcs/constrs_1/new/Basys-3-Master.xdc:54]
Resolution: If [get_<value>] was used to populate the object, check to make sure this command returns at least one valid object.
WARNING: [Vivado 12-584] No ports matched 'seg[5]'. [C:/Users/iHC/Desktop/pongGame/pongGame.srcs/constrs_1/new/Basys-3-Master.xdc:55]
CRITICAL WARNING: [Common 17-55] 'set_property' expects at least one object. [C:/Users/iHC/Desktop/pongGame/pongGame.srcs/constrs_1/new/Basys-3-Master.xdc:55]
Resolution: If [get_<value>] was used to populate the object, check to make sure this command returns at least one valid object.
WARNING: [Vivado 12-584] No ports matched 'seg[6]'. [C:/Users/iHC/Desktop/pongGame/pongGame.srcs/constrs_1/new/Basys-3-Master.xdc:56]
CRITICAL WARNING: [Common 17-55] 'set_property' expects at least one object. [C:/Users/iHC/Desktop/pongGame/pongGame.srcs/constrs_1/new/Basys-3-Master.xdc:56]
Resolution: If [get_<value>] was used to populate the object, check to make sure this command returns at least one valid object.
WARNING: [Vivado 12-584] No ports matched 'dp'. [C:/Users/iHC/Desktop/pongGame/pongGame.srcs/constrs_1/new/Basys-3-Master.xdc:58]
CRITICAL WARNING: [Common 17-55] 'set_property' expects at least one object. [C:/Users/iHC/Desktop/pongGame/pongGame.srcs/constrs_1/new/Basys-3-Master.xdc:58]
Resolution: If [get_<value>] was used to populate the object, check to make sure this command returns at least one valid object.
WARNING: [Vivado 12-584] No ports matched 'an[0]'. [C:/Users/iHC/Desktop/pongGame/pongGame.srcs/constrs_1/new/Basys-3-Master.xdc:60]
CRITICAL WARNING: [Common 17-55] 'set_property' expects at least one object. [C:/Users/iHC/Desktop/pongGame/pongGame.srcs/constrs_1/new/Basys-3-Master.xdc:60]
Resolution: If [get_<value>] was used to populate the object, check to make sure this command returns at least one valid object.
WARNING: [Vivado 12-584] No ports matched 'an[1]'. [C:/Users/iHC/Desktop/pongGame/pongGame.srcs/constrs_1/new/Basys-3-Master.xdc:61]
CRITICAL WARNING: [Common 17-55] 'set_property' expects at least one object. [C:/Users/iHC/Desktop/pongGame/pongGame.srcs/constrs_1/new/Basys-3-Master.xdc:61]
Resolution: If [get_<value>] was used to populate the object, check to make sure this command returns at least one valid object.
WARNING: [Vivado 12-584] No ports matched 'an[2]'. [C:/Users/iHC/Desktop/pongGame/pongGame.srcs/constrs_1/new/Basys-3-Master.xdc:62]
CRITICAL WARNING: [Common 17-55] 'set_property' expects at least one object. [C:/Users/iHC/Desktop/pongGame/pongGame.srcs/constrs_1/new/Basys-3-Master.xdc:62]
Resolution: If [get_<value>] was used to populate the object, check to make sure this command returns at least one valid object.
WARNING: [Vivado 12-584] No ports matched 'an[3]'. [C:/Users/iHC/Desktop/pongGame/pongGame.srcs/constrs_1/new/Basys-3-Master.xdc:63]
CRITICAL WARNING: [Common 17-55] 'set_property' expects at least one object. [C:/Users/iHC/Desktop/pongGame/pongGame.srcs/constrs_1/new/Basys-3-Master.xdc:63]
Resolution: If [get_<value>] was used to populate the object, check to make sure this command returns at least one valid object.
WARNING: [Vivado 12-584] No ports matched 'RsRx'. [C:/Users/iHC/Desktop/pongGame/pongGame.srcs/constrs_1/new/Basys-3-Master.xdc:133]
CRITICAL WARNING: [Common 17-55] 'set_property' expects at least one object. [C:/Users/iHC/Desktop/pongGame/pongGame.srcs/constrs_1/new/Basys-3-Master.xdc:133]
Resolution: If [get_<value>] was used to populate the object, check to make sure this command returns at least one valid object.
WARNING: [Vivado 12-584] No ports matched 'RsTx'. [C:/Users/iHC/Desktop/pongGame/pongGame.srcs/constrs_1/new/Basys-3-Master.xdc:134]
CRITICAL WARNING: [Common 17-55] 'set_property' expects at least one object. [C:/Users/iHC/Desktop/pongGame/pongGame.srcs/constrs_1/new/Basys-3-Master.xdc:134]
Resolution: If [get_<value>] was used to populate the object, check to make sure this command returns at least one valid object.
Finished Parsing XDC File [C:/Users/iHC/Desktop/pongGame/pongGame.srcs/constrs_1/new/Basys-3-Master.xdc]
INFO: [Opt 31-138] Pushed 0 inverter(s) to 0 load pin(s).
Netlist sorting complete. Time (s): cpu = 00:00:00 ; elapsed = 00:00:00 . Memory (MB): peak = 588.809 ; gain = 0.000
INFO: [Project 1-111] Unisim Transformation Summary:
No Unisim elements were transformed.

7 Infos, 38 Warnings, 38 Critical Warnings and 0 Errors encountered.
link_design completed successfully
Command: opt_design
Attempting to get a license for feature 'Implementation' and/or device 'xc7a35t'
INFO: [Common 17-349] Got license for feature 'Implementation' and/or device 'xc7a35t'
Running DRC as a precondition to command opt_design

Starting DRC Task
INFO: [DRC 23-27] Running DRC with 2 threads
ERROR: [DRC MDRV-1] Multiple Driver Nets: Net p/x_delta_reg[2] has multiple drivers: p/x_delta_reg_reg[2]__0/Q, and p/x_delta_reg_reg[2]/Q.
ERROR: [DRC MDRV-1] Multiple Driver Nets: Net p/x_delta_reg[3] has multiple drivers: p/x_delta_reg_reg[3]__0/Q, and p/x_delta_reg_reg[3]/Q.
ERROR: [DRC MDRV-1] Multiple Driver Nets: Net p/x_delta_reg[4] has multiple drivers: p/x_delta_reg_reg[4]__0/Q, and p/x_delta_reg_reg[4]/Q.
ERROR: [DRC MDRV-1] Multiple Driver Nets: Net p/x_delta_reg[5] has multiple drivers: p/x_delta_reg_reg[5]/Q, and p/x_delta_reg_reg[5]__0/Q.
ERROR: [DRC MDRV-1] Multiple Driver Nets: Net p/x_delta_reg[6] has multiple drivers: p/x_delta_reg_reg[6]__0/Q, and p/x_delta_reg_reg[6]/Q.
ERROR: [DRC MDRV-1] Multiple Driver Nets: Net p/x_delta_reg[7] has multiple drivers: p/x_delta_reg_reg[7]/Q, and p/x_delta_reg_reg[7]__0/Q.
ERROR: [DRC MDRV-1] Multiple Driver Nets: Net p/x_delta_reg[8] has multiple drivers: p/x_delta_reg_reg[8]/Q, and p/x_delta_reg_reg[8]__0/Q.
ERROR: [DRC MDRV-1] Multiple Driver Nets: Net p/x_delta_reg[9] has multiple drivers: p/x_delta_reg_reg[9]__0/Q, and p/x_delta_reg_reg[9]/Q.
ERROR: [DRC MDRV-1] Multiple Driver Nets: Net p/y_delta_reg[2] has multiple drivers: p/y_delta_reg_reg[2]__0/Q, and p/y_delta_reg_reg[2]/Q.
ERROR: [DRC MDRV-1] Multiple Driver Nets: Net p/y_delta_reg[3] has multiple drivers: p/y_delta_reg_reg[3]__0/Q, and p/y_delta_reg_reg[3]/Q.
ERROR: [DRC MDRV-1] Multiple Driver Nets: Net p/y_delta_reg[4] has multiple drivers: p/y_delta_reg_reg[4]/Q, and p/y_delta_reg_reg[4]__0/Q.
ERROR: [DRC MDRV-1] Multiple Driver Nets: Net p/y_delta_reg[5] has multiple drivers: p/y_delta_reg_reg[5]/Q, and p/y_delta_reg_reg[5]__0/Q.
ERROR: [DRC MDRV-1] Multiple Driver Nets: Net p/y_delta_reg[6] has multiple drivers: p/y_delta_reg_reg[6]__0/Q, and p/y_delta_reg_reg[6]/Q.
ERROR: [DRC MDRV-1] Multiple Driver Nets: Net p/y_delta_reg[7] has multiple drivers: p/y_delta_reg_reg[7]/Q, and p/y_delta_reg_reg[7]__0/Q.
ERROR: [DRC MDRV-1] Multiple Driver Nets: Net p/y_delta_reg[8] has multiple drivers: p/y_delta_reg_reg[8]/Q, and p/y_delta_reg_reg[8]__0/Q.
ERROR: [DRC MDRV-1] Multiple Driver Nets: Net p/y_delta_reg[9] has multiple drivers: p/y_delta_reg_reg[9]__0/Q, and p/y_delta_reg_reg[9]/Q.
INFO: [Project 1-461] DRC finished with 16 Errors
INFO: [Project 1-462] Please refer to the DRC report (report_drc) for more information.
ERROR: [Vivado_Tcl 4-78] Error(s) found during DRC. Opt_design not run.

Time (s): cpu = 00:00:01 ; elapsed = 00:00:00.382 . Memory (MB): peak = 600.266 ; gain = 7.480
INFO: [Common 17-83] Releasing license: Implementation
12 Infos, 38 Warnings, 38 Critical Warnings and 17 Errors encountered.
opt_design failed
ERROR: [Common 17-39] 'opt_design' failed due to earlier errors.

INFO: [Common 17-206] Exiting Vivado at Mon Dec 11 01:05:15 2023...
